<?xml version="1.0" encoding="UTF-8"?>
<!-- Generated by org.testng.reporters.JUnitReportReporter -->
<testsuite skipped="0" hostname="DESKTOP-G82GFQE" name="com.training.sanity.tests.AddUserExcelTests" tests="4" failures="0" timestamp="2020-07-11T14:11:12 IST" time="123.404" errors="0">
  <testcase name="AdduserTests" time="35.401" classname="com.training.sanity.tests.AddUserExcelTests"/>
  <system-out/>
  <testcase name="AdduserTests" time="29.359" classname="com.training.sanity.tests.AddUserExcelTests"/>
  <system-out/>
  <testcase name="AdduserTests" time="30.373" classname="com.training.sanity.tests.AddUserExcelTests"/>
  <system-out/>
  <testcase name="AdduserTests" time="28.271" classname="com.training.sanity.tests.AddUserExcelTests"/>
  <system-out/>
</testsuite> <!-- com.training.sanity.tests.AddUserExcelTests -->
