<?xml version="1.0" encoding="UTF-8"?>
<!-- Generated by org.testng.reporters.JUnitReportReporter -->
<testsuite skipped="0" hostname="DESKTOP-G82GFQE" name="com.training.sanity.tests.RegisterTeacherTests" tests="1" failures="0" timestamp="2020-07-01T09:57:30 IST" time="20.962" errors="0">
  <testcase name="validRegisterTeacherTest" time="20.962" classname="com.training.sanity.tests.RegisterTeacherTests"/>
  <system-out/>
</testsuite> <!-- com.training.sanity.tests.RegisterTeacherTests -->
