<?xml version="1.0" encoding="UTF-8"?>
<!-- Generated by org.testng.reporters.JUnitReportReporter -->
<testsuite skipped="0" hostname="DESKTOP-G82GFQE" name="com.training.sanity.tests.TeacherAssignmentTests" tests="1" failures="0" timestamp="2020-07-03T16:55:44 IST" time="109.361" errors="0">
  <testcase name="TeacherAssignmentTests" time="109.361" classname="com.training.sanity.tests.TeacherAssignmentTests"/>
  <system-out/>
</testsuite> <!-- com.training.sanity.tests.TeacherAssignmentTests -->
