<?xml version="1.0" encoding="UTF-8"?>
<!-- Generated by org.testng.reporters.JUnitReportReporter -->
<testsuite skipped="0" hostname="DESKTOP-G82GFQE" name="com.training.sanity.tests.AddUserTests" tests="4" failures="0" timestamp="2020-07-09T12:17:33 IST" time="154.888" errors="0">
  <testcase name="AdduserTests" time="35.492" classname="com.training.sanity.tests.AddUserTests"/>
  <system-out/>
  <testcase name="AdduserTests" time="36.353" classname="com.training.sanity.tests.AddUserTests"/>
  <system-out/>
  <testcase name="AdduserTests" time="34.312" classname="com.training.sanity.tests.AddUserTests"/>
  <system-out/>
  <testcase name="AdduserTests" time="48.731" classname="com.training.sanity.tests.AddUserTests"/>
  <system-out/>
</testsuite> <!-- com.training.sanity.tests.AddUserTests -->
