<?xml version="1.0" encoding="UTF-8"?>
<!-- Generated by org.testng.reporters.JUnitReportReporter -->
<testsuite skipped="0" hostname="DESKTOP-G82GFQE" name="com.training.sanity.tests.AddUserDBTest" tests="2" failures="0" timestamp="2020-07-14T00:00:40 IST" time="72.215" errors="0">
  <testcase name="AdduserDBTests" time="35.204" classname="com.training.sanity.tests.AddUserDBTest"/>
  <system-out/>
  <testcase name="AdduserDBTests" time="37.011" classname="com.training.sanity.tests.AddUserDBTest"/>
  <system-out/>
</testsuite> <!-- com.training.sanity.tests.AddUserDBTest -->
