<?xml version="1.0" encoding="UTF-8"?>
<!-- Generated by org.testng.reporters.JUnitReportReporter -->
<testsuite skipped="0" hostname="DESKTOP-G82GFQE" name="com.training.sanity.tests.LoginTeacherTests" tests="1" failures="0" timestamp="2020-07-01T10:13:29 IST" time="31.986" errors="0">
  <testcase name="validLoginTeacherTest" time="31.986" classname="com.training.sanity.tests.LoginTeacherTests"/>
  <system-out/>
</testsuite> <!-- com.training.sanity.tests.LoginTeacherTests -->
