<?xml version="1.0" encoding="UTF-8"?>
<!-- Generated by org.testng.reporters.JUnitReportReporter -->
<testsuite skipped="0" hostname="DESKTOP-G82GFQE" name="com.training.sanity.tests.LoginTests" tests="1" failures="0" timestamp="2020-06-24T10:45:14 IST" time="21.848" errors="0">
  <testcase name="validLoginTest" time="21.848" classname="com.training.sanity.tests.LoginTests"/>
  <system-out/>
</testsuite> <!-- com.training.sanity.tests.LoginTests -->
