<?xml version="1.0" encoding="UTF-8"?>
<!-- Generated by org.testng.reporters.JUnitReportReporter -->
<testsuite skipped="0" hostname="DESKTOP-G82GFQE" name="com.training.sanity.tests.ReviewrateMailTests" tests="1" failures="0" timestamp="2020-07-04T17:41:54 IST" time="39.623" errors="0">
  <testcase name="ReviewrateMailtests" time="39.623" classname="com.training.sanity.tests.ReviewrateMailTests"/>
  <system-out/>
</testsuite> <!-- com.training.sanity.tests.ReviewrateMailTests -->
