<?xml version="1.0" encoding="UTF-8"?>
<!-- Generated by org.testng.reporters.JUnitReportReporter -->
<testsuite skipped="0" hostname="DESKTOP-G82GFQE" name="com.training.regression.tests.LoginDBTest" tests="3" failures="0" timestamp="2020-07-08T10:34:54 IST" time="96.374" errors="0">
  <testcase name="loginDBTest" time="26.209" classname="com.training.regression.tests.LoginDBTest"/>
  <system-out/>
  <testcase name="loginDBTest" time="24.351" classname="com.training.regression.tests.LoginDBTest"/>
  <system-out/>
  <testcase name="loginDBTest" time="45.814" classname="com.training.regression.tests.LoginDBTest"/>
  <system-out/>
</testsuite> <!-- com.training.regression.tests.LoginDBTest -->
