<?xml version="1.0" encoding="UTF-8"?>
<!-- Generated by org.testng.reporters.JUnitReportReporter -->
<testsuite skipped="0" hostname="DESKTOP-G82GFQE" name="com.training.sanity.tests.ReviewAssignmentsTests" tests="1" failures="0" timestamp="2020-07-03T11:23:23 IST" time="51.802" errors="0">
  <testcase name="ReviewAssignmentTest" time="51.802" classname="com.training.sanity.tests.ReviewAssignmentsTests"/>
  <system-out/>
</testsuite> <!-- com.training.sanity.tests.ReviewAssignmentsTests -->
